[debug] [2019-05-22T12:00:26.262Z] ----------------------------------------------------------------------
[debug] [2019-05-22T12:00:26.265Z] Command:       C:\Program Files\nodejs\node.exe C:\Users\201713530008\AppData\Roaming\npm\node_modules\firebase-tools\lib\bin\firebase.js serve
[debug] [2019-05-22T12:00:26.265Z] CLI Version:   6.9.0
[debug] [2019-05-22T12:00:26.265Z] Platform:      win32
[debug] [2019-05-22T12:00:26.265Z] Node Version:  v8.10.0
[debug] [2019-05-22T12:00:26.266Z] Time:          Wed May 22 2019 09:00:26 GMT-0300 (Hora oficial do Brasil)
[debug] [2019-05-22T12:00:26.266Z] ----------------------------------------------------------------------
[debug] 
[debug] [2019-05-22T12:00:26.276Z] > command requires scopes: ["email","openid","https://www.googleapis.com/auth/cloudplatformprojects.readonly","https://www.googleapis.com/auth/firebase","https://www.googleapis.com/auth/cloud-platform"]
[debug] [2019-05-22T12:00:26.276Z] > authorizing via signed-in user
[debug] [2019-05-22T12:00:26.276Z] [iam] checking project first-ca6b0 for permissions ["firebase.projects.get"]
[debug] [2019-05-22T12:00:26.278Z] >>> HTTP REQUEST POST https://cloudresourcemanager.googleapis.com/v1/projects/first-ca6b0:testIamPermissions  

[debug] [2019-05-22T12:00:27.495Z] <<< HTTP RESPONSE 200
[debug] [2019-05-22T12:00:27.498Z] >>> HTTP REQUEST GET https://cloudresourcemanager.googleapis.com/v1/projects/first-ca6b0  
 
[debug] [2019-05-22T12:00:28.605Z] <<< HTTP RESPONSE 200
[info] 
[info] === Serving from 'C:\Users\201713530008\tarefas'...
[info] 
[debug] [2019-05-22T12:00:28.610Z] >>> HTTP REQUEST GET https://mobilesdk-pa.googleapis.com/v1/projects/836929662589/clients/_:getWebAppConfig  
 
[debug] [2019-05-22T12:00:29.326Z] <<< HTTP RESPONSE 200
[info] i  hosting: Serving hosting files from: public
[info] +  hosting: Local server: http://localhost:5000
